<?xml version="1.0" encoding="UTF-8"?>
<!-- Generated by org.testng.reporters.JUnitXMLReporter -->
<testsuite ignored="0" hostname="Srujani-PC" failures="1" tests="1" name="Test1" time="41.456" errors="0" timestamp="2023-07-22T15:08:28 BST">
  <testcase classname="Test1" name="tile" time="16.261">
    <failure type="org.openqa.selenium.ElementClickInterceptedException" message="element click intercepted: Element &amp;lt;img class=&amp;quot;sgpb-popup-close-button-2&amp;quot; alt=&amp;quot;Close&amp;quot; src=&amp;quot;https://www.smartbazaar.co.uk/wp-content/plugins/popup-builder/public/img/theme_2/close.png&amp;quot; style=&amp;quot;z-index: 999920; position: absolute; float: left; top: -20px; right: 0px; width: 20px; cursor: pointer; height: 20px; background-repeat: no-repeat; background-size: cover;&amp;quot;&amp;gt; is not clickable at point (1039, 10). Other element would receive the click: &amp;lt;div id=&amp;quot;af-preloader&amp;quot; style=&amp;quot;opacity: 0.878498;&amp;quot;&amp;gt;...&amp;lt;/div&amp;gt;
  (Session info: chrome=114.0.5735.199)
Build info: version: &amp;apos;4.10.0&amp;apos;, revision: &amp;apos;c14d967899&amp;apos;
System info: os.name: &amp;apos;Windows 10&amp;apos;, os.arch: &amp;apos;amd64&amp;apos;, os.version: &amp;apos;10.0&amp;apos;, java.version: &amp;apos;20.0.1&amp;apos;
Driver info: org.openqa.selenium.chrome.ChromeDriver
Command: [471f87265a2e49cd3fbc931e2846fdec, clickElement {id=C72D1FA8F183DF27C6183A6A417DDFE3_element_110}]
Capabilities {acceptInsecureCerts: false, browserName: chrome, browserVersion: 114.0.5735.199, chrome: {chromedriverVersion: 114.0.5735.90 (386bc09e8f4f..., userDataDir: C:\Users\Srujani\AppData\Lo...}, goog:chromeOptions: {debuggerAddress: localhost:51498}, networkConnectionEnabled: false, pageLoadStrategy: normal, platformName: windows, proxy: Proxy(), se:cdp: ws://localhost:51498/devtoo..., se:cdpVersion: 114.0.5735.199, setWindowRect: true, strictFileInteractability: false, timeouts: {implicit: 0, pageLoad: 300000, script: 30000}, unhandledPromptBehavior: dismiss and notify, webauthn:extension:credBlob: true, webauthn:extension:largeBlob: true, webauthn:extension:minPinLength: true, webauthn:extension:prf: true, webauthn:virtualAuthenticators: true}
Element: [[ChromeDriver: chrome on windows (471f87265a2e49cd3fbc931e2846fdec)] -&amp;gt; xpath: //img[@alt=&amp;apos;Close&amp;apos;]]
Session ID: 471f87265a2e49cd3fbc931e2846fdec">
      <![CDATA[org.openqa.selenium.ElementClickInterceptedException: element click intercepted: Element <img class="sgpb-popup-close-button-2" alt="Close" src="https://www.smartbazaar.co.uk/wp-content/plugins/popup-builder/public/img/theme_2/close.png" style="z-index: 999920; position: absolute; float: left; top: -20px; right: 0px; width: 20px; cursor: pointer; height: 20px; background-repeat: no-repeat; background-size: cover;"> is not clickable at point (1039, 10). Other element would receive the click: <div id="af-preloader" style="opacity: 0.878498;">...</div>
  (Session info: chrome=114.0.5735.199)
Build info: version: '4.10.0', revision: 'c14d967899'
System info: os.name: 'Windows 10', os.arch: 'amd64', os.version: '10.0', java.version: '20.0.1'
Driver info: org.openqa.selenium.chrome.ChromeDriver
Command: [471f87265a2e49cd3fbc931e2846fdec, clickElement {id=C72D1FA8F183DF27C6183A6A417DDFE3_element_110}]
Capabilities {acceptInsecureCerts: false, browserName: chrome, browserVersion: 114.0.5735.199, chrome: {chromedriverVersion: 114.0.5735.90 (386bc09e8f4f..., userDataDir: C:\Users\Srujani\AppData\Lo...}, goog:chromeOptions: {debuggerAddress: localhost:51498}, networkConnectionEnabled: false, pageLoadStrategy: normal, platformName: windows, proxy: Proxy(), se:cdp: ws://localhost:51498/devtoo..., se:cdpVersion: 114.0.5735.199, setWindowRect: true, strictFileInteractability: false, timeouts: {implicit: 0, pageLoad: 300000, script: 30000}, unhandledPromptBehavior: dismiss and notify, webauthn:extension:credBlob: true, webauthn:extension:largeBlob: true, webauthn:extension:minPinLength: true, webauthn:extension:prf: true, webauthn:virtualAuthenticators: true}
Element: [[ChromeDriver: chrome on windows (471f87265a2e49cd3fbc931e2846fdec)] -> xpath: //img[@alt='Close']]
Session ID: 471f87265a2e49cd3fbc931e2846fdec
at org.openqa.selenium.remote.codec.w3c.W3CHttpResponseCodec.createException(W3CHttpResponseCodec.java:199)
at org.openqa.selenium.remote.codec.w3c.W3CHttpResponseCodec.decode(W3CHttpResponseCodec.java:132)
at org.openqa.selenium.remote.codec.w3c.W3CHttpResponseCodec.decode(W3CHttpResponseCodec.java:51)
at org.openqa.selenium.remote.HttpCommandExecutor.execute(HttpCommandExecutor.java:191)
at org.openqa.selenium.remote.service.DriverCommandExecutor.invokeExecute(DriverCommandExecutor.java:196)
at org.openqa.selenium.remote.service.DriverCommandExecutor.execute(DriverCommandExecutor.java:171)
at org.openqa.selenium.remote.RemoteWebDriver.execute(RemoteWebDriver.java:531)
at org.openqa.selenium.remote.RemoteWebElement.execute(RemoteWebElement.java:242)
at org.openqa.selenium.remote.RemoteWebElement.click(RemoteWebElement.java:77)
at Browser.browser.getUrl(browser.java:61)
at Test1.tile(Test1.java:18)
at java.base/java.util.ArrayList.forEach(ArrayList.java:1511)
at com.intellij.rt.testng.IDEARemoteTestNG.run(IDEARemoteTestNG.java:66)
at com.intellij.rt.testng.RemoteTestNGStarter.main(RemoteTestNGStarter.java:105)
... Removed 25 stack frames]]>
    </failure>
  </testcase> <!-- tile -->
</testsuite> <!-- Test1 -->
