<!DOCTYPE html PUBLIC "-//W3C//DTD XHTML 1.1//EN" "https://www.w3.org/TR/xhtml11/DTD/xhtml11.dtd">
<html xmlns="https://www.w3.org/1999/xhtml">
<head>
<meta http-equiv="content-type" content="text/html; charset=UTF-8"/>
<title>TestNG Report</title>
<style type="text/css">table {margin-bottom:10px;border-collapse:collapse;empty-cells:show}th,td {border:1px solid #009;padding:.25em .5em}th {vertical-align:bottom}td {vertical-align:top}table a {font-weight:bold}.stripe td {background-color: #E6EBF9}.num {text-align:right}.passedodd td {background-color: #3F3}.passedeven td {background-color: #0A0}.skippedodd td {background-color: #DDD}.skippedeven td {background-color: #CCC}.failedodd td,.attn {background-color: #F33}.failedeven td,.stripe .attn {background-color: #D00}.stacktrace {white-space:pre;font-family:monospace}.totop {font-size:85%;text-align:center;border-bottom:2px solid #000}.invisible {display:none}</style>
</head>
<body>
<table>
<tr><th>Test</th><th># Passed</th><th># Skipped</th><th># Retried</th><th># Failed</th><th>Time (ms)</th><th>Included Groups</th><th>Excluded Groups</th></tr>
<tr><th colspan="8">smart1</th></tr>
<tr><td><a href="#t0">Test1</a></td><td class="num">0</td><td class="num">0</td><td class="num">0</td><td class="num attn">1</td><td class="num">41,456</td><td></td><td></td></tr>
<tr class="stripe"><td><a href="#t1">Test2</a></td><td class="num">0</td><td class="num attn">2</td><td class="num">0</td><td class="num">0</td><td class="num">21,962</td><td></td><td></td></tr>
<tr><td><a href="#t2">Test3</a></td><td class="num">0</td><td class="num attn">3</td><td class="num">0</td><td class="num">0</td><td class="num">38,669</td><td></td><td></td></tr>
<tr><th>Total</th><th class="num">0</th><th class="num attn">5</th><th class="num">0</th><th class="num attn">1</th><th class="num">102,087</th><th colspan="2"></th></tr>
</table>
<table id='summary'><thead><tr><th>Class</th><th>Method</th><th>Start</th><th>Time (ms)</th></tr></thead><tbody><tr><th colspan="4">smart1</th></tr></tbody><tbody id="t0"><tr><th colspan="4">Test1 &#8212; failed</th></tr><tr class="failedeven"><td rowspan="1">Test1</td><td><a href="#m0">tile</a></td><td rowspan="1">1690034889877</td><td rowspan="1">16261</td></tr></tbody>
<tbody id="t1"><tr><th colspan="4">Test2 &#8212; failed (configuration methods)</th></tr><tr class="failedeven"><td rowspan="1">Test2</td><td><a href="#m1">open</a></td><td rowspan="1">1690034908781</td><td rowspan="1">21952</td></tr><tr><th colspan="4">Test2 &#8212; skipped (configuration methods)</th></tr><tr class="skippedeven"><td rowspan="1">Test2</td><td><a href="#m2">close</a></td><td rowspan="1">1690034930742</td><td rowspan="1">0</td></tr><tr><th colspan="4">Test2 &#8212; skipped</th></tr><tr class="skippedeven"><td rowspan="2">Test2</td><td><a href="#m3">login</a></td><td rowspan="1">1690034930741</td><td rowspan="1">0</td></tr><tr class="skippedeven"><td><a href="#m4">password</a></td><td rowspan="1">1690034930742</td><td rowspan="1">0</td></tr></tbody>
<tbody id="t2"><tr><th colspan="4">Test3 &#8212; failed (configuration methods)</th></tr><tr class="failedeven"><td rowspan="1">Test3</td><td><a href="#m5">open</a></td><td rowspan="1">1690034931496</td><td rowspan="1">38659</td></tr><tr><th colspan="4">Test3 &#8212; skipped (configuration methods)</th></tr><tr class="skippedeven"><td rowspan="1">Test3</td><td><a href="#m6">close</a></td><td rowspan="1">1690034970163</td><td rowspan="1">0</td></tr><tr><th colspan="4">Test3 &#8212; skipped</th></tr><tr class="skippedeven"><td rowspan="3">Test3</td><td><a href="#m7">compare</a></td><td rowspan="1">1690034970159</td><td rowspan="1">0</td></tr><tr class="skippedeven"><td><a href="#m8">login</a></td><td rowspan="1">1690034970158</td><td rowspan="1">0</td></tr><tr class="skippedeven"><td><a href="#m9">password</a></td><td rowspan="1">1690034970158</td><td rowspan="1">0</td></tr></tbody>
</table>
<h2>Test1</h2><h3 id="m0">Test1#tile</h3><table class="result"><tr><th>Exception</th></tr><tr><td><div class="stacktrace">org.openqa.selenium.ElementClickInterceptedException: element click intercepted: Element &lt;img class=&quot;sgpb-popup-close-button-2&quot; alt=&quot;Close&quot; src=&quot;https://www.smartbazaar.co.uk/wp-content/plugins/popup-builder/public/img/theme_2/close.png&quot; style=&quot;z-index: 999920; position: absolute; float: left; top: -20px; right: 0px; width: 20px; cursor: pointer; height: 20px; background-repeat: no-repeat; background-size: cover;&quot;&gt; is not clickable at point (1039, 10). Other element would receive the click: &lt;div id=&quot;af-preloader&quot; style=&quot;opacity: 0.878498;&quot;&gt;...&lt;/div&gt;
  (Session info: chrome=114.0.5735.199)
Build info: version: &apos;4.10.0&apos;, revision: &apos;c14d967899&apos;
System info: os.name: &apos;Windows 10&apos;, os.arch: &apos;amd64&apos;, os.version: &apos;10.0&apos;, java.version: &apos;20.0.1&apos;
Driver info: org.openqa.selenium.chrome.ChromeDriver
Command: [471f87265a2e49cd3fbc931e2846fdec, clickElement {id=C72D1FA8F183DF27C6183A6A417DDFE3_element_110}]
Capabilities {acceptInsecureCerts: false, browserName: chrome, browserVersion: 114.0.5735.199, chrome: {chromedriverVersion: 114.0.5735.90 (386bc09e8f4f..., userDataDir: C:\Users\Srujani\AppData\Lo...}, goog:chromeOptions: {debuggerAddress: localhost:51498}, networkConnectionEnabled: false, pageLoadStrategy: normal, platformName: windows, proxy: Proxy(), se:cdp: ws://localhost:51498/devtoo..., se:cdpVersion: 114.0.5735.199, setWindowRect: true, strictFileInteractability: false, timeouts: {implicit: 0, pageLoad: 300000, script: 30000}, unhandledPromptBehavior: dismiss and notify, webauthn:extension:credBlob: true, webauthn:extension:largeBlob: true, webauthn:extension:minPinLength: true, webauthn:extension:prf: true, webauthn:virtualAuthenticators: true}
Element: [[ChromeDriver: chrome on windows (471f87265a2e49cd3fbc931e2846fdec)] -&gt; xpath: //img[@alt=&apos;Close&apos;]]
Session ID: 471f87265a2e49cd3fbc931e2846fdec
	at org.openqa.selenium.remote.codec.w3c.W3CHttpResponseCodec.createException(W3CHttpResponseCodec.java:199)
	at org.openqa.selenium.remote.codec.w3c.W3CHttpResponseCodec.decode(W3CHttpResponseCodec.java:132)
	at org.openqa.selenium.remote.codec.w3c.W3CHttpResponseCodec.decode(W3CHttpResponseCodec.java:51)
	at org.openqa.selenium.remote.HttpCommandExecutor.execute(HttpCommandExecutor.java:191)
	at org.openqa.selenium.remote.service.DriverCommandExecutor.invokeExecute(DriverCommandExecutor.java:196)
	at org.openqa.selenium.remote.service.DriverCommandExecutor.execute(DriverCommandExecutor.java:171)
	at org.openqa.selenium.remote.RemoteWebDriver.execute(RemoteWebDriver.java:531)
	at org.openqa.selenium.remote.RemoteWebElement.execute(RemoteWebElement.java:242)
	at org.openqa.selenium.remote.RemoteWebElement.click(RemoteWebElement.java:77)
	at Browser.browser.getUrl(browser.java:61)
	at Test1.tile(Test1.java:18)
	at java.base/java.util.ArrayList.forEach(ArrayList.java:1511)
	at com.intellij.rt.testng.IDEARemoteTestNG.run(IDEARemoteTestNG.java:66)
	at com.intellij.rt.testng.RemoteTestNGStarter.main(RemoteTestNGStarter.java:105)
... Removed 25 stack frames</div></td></tr></table><p class="totop"><a href="#summary">back to summary</a></p>
<h2>Test2</h2><h3 id="m1">Test2#open</h3><table class="result"><tr><th>Exception</th></tr><tr><td><div class="stacktrace">org.openqa.selenium.ElementClickInterceptedException: element click intercepted: Element &lt;img class=&quot;sgpb-popup-close-button-2&quot; alt=&quot;Close&quot; src=&quot;https://www.smartbazaar.co.uk/wp-content/plugins/popup-builder/public/img/theme_2/close.png&quot; style=&quot;z-index: 999920; position: absolute; float: left; top: -20px; right: 0px; width: 20px; cursor: pointer; height: 20px; background-repeat: no-repeat; background-size: cover;&quot;&gt; is not clickable at point (1039, 10). Other element would receive the click: &lt;div id=&quot;af-preloader&quot; style=&quot;opacity: 0.476447;&quot;&gt;...&lt;/div&gt;
  (Session info: chrome=114.0.5735.199)
Build info: version: &apos;4.10.0&apos;, revision: &apos;c14d967899&apos;
System info: os.name: &apos;Windows 10&apos;, os.arch: &apos;amd64&apos;, os.version: &apos;10.0&apos;, java.version: &apos;20.0.1&apos;
Driver info: org.openqa.selenium.chrome.ChromeDriver
Command: [12411b4555d085eff7917f23b6969b5a, clickElement {id=18EE0E8DA7CEFCA9FF17C2680724ABCF_element_133}]
Capabilities {acceptInsecureCerts: false, browserName: chrome, browserVersion: 114.0.5735.199, chrome: {chromedriverVersion: 114.0.5735.90 (386bc09e8f4f..., userDataDir: C:\Users\Srujani\AppData\Lo...}, goog:chromeOptions: {debuggerAddress: localhost:51569}, networkConnectionEnabled: false, pageLoadStrategy: normal, platformName: windows, proxy: Proxy(), se:cdp: ws://localhost:51569/devtoo..., se:cdpVersion: 114.0.5735.199, setWindowRect: true, strictFileInteractability: false, timeouts: {implicit: 0, pageLoad: 300000, script: 30000}, unhandledPromptBehavior: dismiss and notify, webauthn:extension:credBlob: true, webauthn:extension:largeBlob: true, webauthn:extension:minPinLength: true, webauthn:extension:prf: true, webauthn:virtualAuthenticators: true}
Element: [[ChromeDriver: chrome on windows (12411b4555d085eff7917f23b6969b5a)] -&gt; xpath: //img[@alt=&apos;Close&apos;]]
Session ID: 12411b4555d085eff7917f23b6969b5a
	at org.openqa.selenium.remote.codec.w3c.W3CHttpResponseCodec.createException(W3CHttpResponseCodec.java:199)
	at org.openqa.selenium.remote.codec.w3c.W3CHttpResponseCodec.decode(W3CHttpResponseCodec.java:132)
	at org.openqa.selenium.remote.codec.w3c.W3CHttpResponseCodec.decode(W3CHttpResponseCodec.java:51)
	at org.openqa.selenium.remote.HttpCommandExecutor.execute(HttpCommandExecutor.java:191)
	at org.openqa.selenium.remote.service.DriverCommandExecutor.invokeExecute(DriverCommandExecutor.java:196)
	at org.openqa.selenium.remote.service.DriverCommandExecutor.execute(DriverCommandExecutor.java:171)
	at org.openqa.selenium.remote.RemoteWebDriver.execute(RemoteWebDriver.java:531)
	at org.openqa.selenium.remote.RemoteWebElement.execute(RemoteWebElement.java:242)
	at org.openqa.selenium.remote.RemoteWebElement.click(RemoteWebElement.java:77)
	at Browser.browser.getUrl(browser.java:61)
	at Test2.open(Test2.java:13)
	at com.intellij.rt.testng.IDEARemoteTestNG.run(IDEARemoteTestNG.java:66)
	at com.intellij.rt.testng.RemoteTestNGStarter.main(RemoteTestNGStarter.java:105)
... Removed 22 stack frames</div></td></tr></table><p class="totop"><a href="#summary">back to summary</a></p>
<h3 id="m2">Test2#close</h3><table class="result"><tr><th class="invisible"/></tr></table><p class="totop"><a href="#summary">back to summary</a></p>
<h3 id="m3">Test2#login</h3><table class="result"><tr><th>Exception</th></tr><tr><td><div class="stacktrace">org.openqa.selenium.ElementClickInterceptedException: element click intercepted: Element &lt;img class=&quot;sgpb-popup-close-button-2&quot; alt=&quot;Close&quot; src=&quot;https://www.smartbazaar.co.uk/wp-content/plugins/popup-builder/public/img/theme_2/close.png&quot; style=&quot;z-index: 999920; position: absolute; float: left; top: -20px; right: 0px; width: 20px; cursor: pointer; height: 20px; background-repeat: no-repeat; background-size: cover;&quot;&gt; is not clickable at point (1039, 10). Other element would receive the click: &lt;div id=&quot;af-preloader&quot; style=&quot;opacity: 0.476447;&quot;&gt;...&lt;/div&gt;
  (Session info: chrome=114.0.5735.199)
Build info: version: &apos;4.10.0&apos;, revision: &apos;c14d967899&apos;
System info: os.name: &apos;Windows 10&apos;, os.arch: &apos;amd64&apos;, os.version: &apos;10.0&apos;, java.version: &apos;20.0.1&apos;
Driver info: org.openqa.selenium.chrome.ChromeDriver
Command: [12411b4555d085eff7917f23b6969b5a, clickElement {id=18EE0E8DA7CEFCA9FF17C2680724ABCF_element_133}]
Capabilities {acceptInsecureCerts: false, browserName: chrome, browserVersion: 114.0.5735.199, chrome: {chromedriverVersion: 114.0.5735.90 (386bc09e8f4f..., userDataDir: C:\Users\Srujani\AppData\Lo...}, goog:chromeOptions: {debuggerAddress: localhost:51569}, networkConnectionEnabled: false, pageLoadStrategy: normal, platformName: windows, proxy: Proxy(), se:cdp: ws://localhost:51569/devtoo..., se:cdpVersion: 114.0.5735.199, setWindowRect: true, strictFileInteractability: false, timeouts: {implicit: 0, pageLoad: 300000, script: 30000}, unhandledPromptBehavior: dismiss and notify, webauthn:extension:credBlob: true, webauthn:extension:largeBlob: true, webauthn:extension:minPinLength: true, webauthn:extension:prf: true, webauthn:virtualAuthenticators: true}
Element: [[ChromeDriver: chrome on windows (12411b4555d085eff7917f23b6969b5a)] -&gt; xpath: //img[@alt=&apos;Close&apos;]]
Session ID: 12411b4555d085eff7917f23b6969b5a
	at org.openqa.selenium.remote.codec.w3c.W3CHttpResponseCodec.createException(W3CHttpResponseCodec.java:199)
	at org.openqa.selenium.remote.codec.w3c.W3CHttpResponseCodec.decode(W3CHttpResponseCodec.java:132)
	at org.openqa.selenium.remote.codec.w3c.W3CHttpResponseCodec.decode(W3CHttpResponseCodec.java:51)
	at org.openqa.selenium.remote.HttpCommandExecutor.execute(HttpCommandExecutor.java:191)
	at org.openqa.selenium.remote.service.DriverCommandExecutor.invokeExecute(DriverCommandExecutor.java:196)
	at org.openqa.selenium.remote.service.DriverCommandExecutor.execute(DriverCommandExecutor.java:171)
	at org.openqa.selenium.remote.RemoteWebDriver.execute(RemoteWebDriver.java:531)
	at org.openqa.selenium.remote.RemoteWebElement.execute(RemoteWebElement.java:242)
	at org.openqa.selenium.remote.RemoteWebElement.click(RemoteWebElement.java:77)
	at Browser.browser.getUrl(browser.java:61)
	at Test2.open(Test2.java:13)
	at com.intellij.rt.testng.IDEARemoteTestNG.run(IDEARemoteTestNG.java:66)
	at com.intellij.rt.testng.RemoteTestNGStarter.main(RemoteTestNGStarter.java:105)
... Removed 22 stack frames</div></td></tr></table><p class="totop"><a href="#summary">back to summary</a></p>
<h3 id="m4">Test2#password</h3><table class="result"><tr><th>Exception</th></tr><tr><td><div class="stacktrace">org.openqa.selenium.ElementClickInterceptedException: element click intercepted: Element &lt;img class=&quot;sgpb-popup-close-button-2&quot; alt=&quot;Close&quot; src=&quot;https://www.smartbazaar.co.uk/wp-content/plugins/popup-builder/public/img/theme_2/close.png&quot; style=&quot;z-index: 999920; position: absolute; float: left; top: -20px; right: 0px; width: 20px; cursor: pointer; height: 20px; background-repeat: no-repeat; background-size: cover;&quot;&gt; is not clickable at point (1039, 10). Other element would receive the click: &lt;div id=&quot;af-preloader&quot; style=&quot;opacity: 0.476447;&quot;&gt;...&lt;/div&gt;
  (Session info: chrome=114.0.5735.199)
Build info: version: &apos;4.10.0&apos;, revision: &apos;c14d967899&apos;
System info: os.name: &apos;Windows 10&apos;, os.arch: &apos;amd64&apos;, os.version: &apos;10.0&apos;, java.version: &apos;20.0.1&apos;
Driver info: org.openqa.selenium.chrome.ChromeDriver
Command: [12411b4555d085eff7917f23b6969b5a, clickElement {id=18EE0E8DA7CEFCA9FF17C2680724ABCF_element_133}]
Capabilities {acceptInsecureCerts: false, browserName: chrome, browserVersion: 114.0.5735.199, chrome: {chromedriverVersion: 114.0.5735.90 (386bc09e8f4f..., userDataDir: C:\Users\Srujani\AppData\Lo...}, goog:chromeOptions: {debuggerAddress: localhost:51569}, networkConnectionEnabled: false, pageLoadStrategy: normal, platformName: windows, proxy: Proxy(), se:cdp: ws://localhost:51569/devtoo..., se:cdpVersion: 114.0.5735.199, setWindowRect: true, strictFileInteractability: false, timeouts: {implicit: 0, pageLoad: 300000, script: 30000}, unhandledPromptBehavior: dismiss and notify, webauthn:extension:credBlob: true, webauthn:extension:largeBlob: true, webauthn:extension:minPinLength: true, webauthn:extension:prf: true, webauthn:virtualAuthenticators: true}
Element: [[ChromeDriver: chrome on windows (12411b4555d085eff7917f23b6969b5a)] -&gt; xpath: //img[@alt=&apos;Close&apos;]]
Session ID: 12411b4555d085eff7917f23b6969b5a
	at org.openqa.selenium.remote.codec.w3c.W3CHttpResponseCodec.createException(W3CHttpResponseCodec.java:199)
	at org.openqa.selenium.remote.codec.w3c.W3CHttpResponseCodec.decode(W3CHttpResponseCodec.java:132)
	at org.openqa.selenium.remote.codec.w3c.W3CHttpResponseCodec.decode(W3CHttpResponseCodec.java:51)
	at org.openqa.selenium.remote.HttpCommandExecutor.execute(HttpCommandExecutor.java:191)
	at org.openqa.selenium.remote.service.DriverCommandExecutor.invokeExecute(DriverCommandExecutor.java:196)
	at org.openqa.selenium.remote.service.DriverCommandExecutor.execute(DriverCommandExecutor.java:171)
	at org.openqa.selenium.remote.RemoteWebDriver.execute(RemoteWebDriver.java:531)
	at org.openqa.selenium.remote.RemoteWebElement.execute(RemoteWebElement.java:242)
	at org.openqa.selenium.remote.RemoteWebElement.click(RemoteWebElement.java:77)
	at Browser.browser.getUrl(browser.java:61)
	at Test2.open(Test2.java:13)
	at com.intellij.rt.testng.IDEARemoteTestNG.run(IDEARemoteTestNG.java:66)
	at com.intellij.rt.testng.RemoteTestNGStarter.main(RemoteTestNGStarter.java:105)
... Removed 22 stack frames</div></td></tr></table><p class="totop"><a href="#summary">back to summary</a></p>
<h2>Test3</h2><h3 id="m5">Test3#open</h3><table class="result"><tr><th>Exception</th></tr><tr><td><div class="stacktrace">org.openqa.selenium.ElementClickInterceptedException: element click intercepted: Element &lt;img class=&quot;sgpb-popup-close-button-2&quot; alt=&quot;Close&quot; src=&quot;https://www.smartbazaar.co.uk/wp-content/plugins/popup-builder/public/img/theme_2/close.png&quot; style=&quot;z-index: 999920; position: absolute; float: left; top: -20px; right: 0px; width: 20px; cursor: pointer; height: 20px; background-repeat: no-repeat; background-size: cover;&quot;&gt; is not clickable at point (1039, 10). Other element would receive the click: &lt;div id=&quot;af-preloader&quot; style=&quot;opacity: 0.996379;&quot;&gt;...&lt;/div&gt;
  (Session info: chrome=114.0.5735.199)
Build info: version: &apos;4.10.0&apos;, revision: &apos;c14d967899&apos;
System info: os.name: &apos;Windows 10&apos;, os.arch: &apos;amd64&apos;, os.version: &apos;10.0&apos;, java.version: &apos;20.0.1&apos;
Driver info: org.openqa.selenium.chrome.ChromeDriver
Command: [340752f83e71c9c679339d5299250c76, clickElement {id=8687268B3DCD2BF3CB5D937B5BF5CDA5_element_115}]
Capabilities {acceptInsecureCerts: false, browserName: chrome, browserVersion: 114.0.5735.199, chrome: {chromedriverVersion: 114.0.5735.90 (386bc09e8f4f..., userDataDir: C:\Users\Srujani\AppData\Lo...}, goog:chromeOptions: {debuggerAddress: localhost:51612}, networkConnectionEnabled: false, pageLoadStrategy: normal, platformName: windows, proxy: Proxy(), se:cdp: ws://localhost:51612/devtoo..., se:cdpVersion: 114.0.5735.199, setWindowRect: true, strictFileInteractability: false, timeouts: {implicit: 0, pageLoad: 300000, script: 30000}, unhandledPromptBehavior: dismiss and notify, webauthn:extension:credBlob: true, webauthn:extension:largeBlob: true, webauthn:extension:minPinLength: true, webauthn:extension:prf: true, webauthn:virtualAuthenticators: true}
Element: [[ChromeDriver: chrome on windows (340752f83e71c9c679339d5299250c76)] -&gt; xpath: //img[@alt=&apos;Close&apos;]]
Session ID: 340752f83e71c9c679339d5299250c76
	at org.openqa.selenium.remote.codec.w3c.W3CHttpResponseCodec.createException(W3CHttpResponseCodec.java:199)
	at org.openqa.selenium.remote.codec.w3c.W3CHttpResponseCodec.decode(W3CHttpResponseCodec.java:132)
	at org.openqa.selenium.remote.codec.w3c.W3CHttpResponseCodec.decode(W3CHttpResponseCodec.java:51)
	at org.openqa.selenium.remote.HttpCommandExecutor.execute(HttpCommandExecutor.java:191)
	at org.openqa.selenium.remote.service.DriverCommandExecutor.invokeExecute(DriverCommandExecutor.java:196)
	at org.openqa.selenium.remote.service.DriverCommandExecutor.execute(DriverCommandExecutor.java:171)
	at org.openqa.selenium.remote.RemoteWebDriver.execute(RemoteWebDriver.java:531)
	at org.openqa.selenium.remote.RemoteWebElement.execute(RemoteWebElement.java:242)
	at org.openqa.selenium.remote.RemoteWebElement.click(RemoteWebElement.java:77)
	at Browser.browser.getUrl(browser.java:61)
	at Test3.open(Test3.java:14)
	at com.intellij.rt.testng.IDEARemoteTestNG.run(IDEARemoteTestNG.java:66)
	at com.intellij.rt.testng.RemoteTestNGStarter.main(RemoteTestNGStarter.java:105)
... Removed 22 stack frames</div></td></tr></table><p class="totop"><a href="#summary">back to summary</a></p>
<h3 id="m6">Test3#close</h3><table class="result"><tr><th class="invisible"/></tr></table><p class="totop"><a href="#summary">back to summary</a></p>
<h3 id="m7">Test3#compare</h3><table class="result"><tr><th>Exception</th></tr><tr><td><div class="stacktrace">org.openqa.selenium.ElementClickInterceptedException: element click intercepted: Element &lt;img class=&quot;sgpb-popup-close-button-2&quot; alt=&quot;Close&quot; src=&quot;https://www.smartbazaar.co.uk/wp-content/plugins/popup-builder/public/img/theme_2/close.png&quot; style=&quot;z-index: 999920; position: absolute; float: left; top: -20px; right: 0px; width: 20px; cursor: pointer; height: 20px; background-repeat: no-repeat; background-size: cover;&quot;&gt; is not clickable at point (1039, 10). Other element would receive the click: &lt;div id=&quot;af-preloader&quot; style=&quot;opacity: 0.996379;&quot;&gt;...&lt;/div&gt;
  (Session info: chrome=114.0.5735.199)
Build info: version: &apos;4.10.0&apos;, revision: &apos;c14d967899&apos;
System info: os.name: &apos;Windows 10&apos;, os.arch: &apos;amd64&apos;, os.version: &apos;10.0&apos;, java.version: &apos;20.0.1&apos;
Driver info: org.openqa.selenium.chrome.ChromeDriver
Command: [340752f83e71c9c679339d5299250c76, clickElement {id=8687268B3DCD2BF3CB5D937B5BF5CDA5_element_115}]
Capabilities {acceptInsecureCerts: false, browserName: chrome, browserVersion: 114.0.5735.199, chrome: {chromedriverVersion: 114.0.5735.90 (386bc09e8f4f..., userDataDir: C:\Users\Srujani\AppData\Lo...}, goog:chromeOptions: {debuggerAddress: localhost:51612}, networkConnectionEnabled: false, pageLoadStrategy: normal, platformName: windows, proxy: Proxy(), se:cdp: ws://localhost:51612/devtoo..., se:cdpVersion: 114.0.5735.199, setWindowRect: true, strictFileInteractability: false, timeouts: {implicit: 0, pageLoad: 300000, script: 30000}, unhandledPromptBehavior: dismiss and notify, webauthn:extension:credBlob: true, webauthn:extension:largeBlob: true, webauthn:extension:minPinLength: true, webauthn:extension:prf: true, webauthn:virtualAuthenticators: true}
Element: [[ChromeDriver: chrome on windows (340752f83e71c9c679339d5299250c76)] -&gt; xpath: //img[@alt=&apos;Close&apos;]]
Session ID: 340752f83e71c9c679339d5299250c76
	at org.openqa.selenium.remote.codec.w3c.W3CHttpResponseCodec.createException(W3CHttpResponseCodec.java:199)
	at org.openqa.selenium.remote.codec.w3c.W3CHttpResponseCodec.decode(W3CHttpResponseCodec.java:132)
	at org.openqa.selenium.remote.codec.w3c.W3CHttpResponseCodec.decode(W3CHttpResponseCodec.java:51)
	at org.openqa.selenium.remote.HttpCommandExecutor.execute(HttpCommandExecutor.java:191)
	at org.openqa.selenium.remote.service.DriverCommandExecutor.invokeExecute(DriverCommandExecutor.java:196)
	at org.openqa.selenium.remote.service.DriverCommandExecutor.execute(DriverCommandExecutor.java:171)
	at org.openqa.selenium.remote.RemoteWebDriver.execute(RemoteWebDriver.java:531)
	at org.openqa.selenium.remote.RemoteWebElement.execute(RemoteWebElement.java:242)
	at org.openqa.selenium.remote.RemoteWebElement.click(RemoteWebElement.java:77)
	at Browser.browser.getUrl(browser.java:61)
	at Test3.open(Test3.java:14)
	at com.intellij.rt.testng.IDEARemoteTestNG.run(IDEARemoteTestNG.java:66)
	at com.intellij.rt.testng.RemoteTestNGStarter.main(RemoteTestNGStarter.java:105)
... Removed 22 stack frames</div></td></tr></table><p class="totop"><a href="#summary">back to summary</a></p>
<h3 id="m8">Test3#login</h3><table class="result"><tr><th>Exception</th></tr><tr><td><div class="stacktrace">org.openqa.selenium.ElementClickInterceptedException: element click intercepted: Element &lt;img class=&quot;sgpb-popup-close-button-2&quot; alt=&quot;Close&quot; src=&quot;https://www.smartbazaar.co.uk/wp-content/plugins/popup-builder/public/img/theme_2/close.png&quot; style=&quot;z-index: 999920; position: absolute; float: left; top: -20px; right: 0px; width: 20px; cursor: pointer; height: 20px; background-repeat: no-repeat; background-size: cover;&quot;&gt; is not clickable at point (1039, 10). Other element would receive the click: &lt;div id=&quot;af-preloader&quot; style=&quot;opacity: 0.996379;&quot;&gt;...&lt;/div&gt;
  (Session info: chrome=114.0.5735.199)
Build info: version: &apos;4.10.0&apos;, revision: &apos;c14d967899&apos;
System info: os.name: &apos;Windows 10&apos;, os.arch: &apos;amd64&apos;, os.version: &apos;10.0&apos;, java.version: &apos;20.0.1&apos;
Driver info: org.openqa.selenium.chrome.ChromeDriver
Command: [340752f83e71c9c679339d5299250c76, clickElement {id=8687268B3DCD2BF3CB5D937B5BF5CDA5_element_115}]
Capabilities {acceptInsecureCerts: false, browserName: chrome, browserVersion: 114.0.5735.199, chrome: {chromedriverVersion: 114.0.5735.90 (386bc09e8f4f..., userDataDir: C:\Users\Srujani\AppData\Lo...}, goog:chromeOptions: {debuggerAddress: localhost:51612}, networkConnectionEnabled: false, pageLoadStrategy: normal, platformName: windows, proxy: Proxy(), se:cdp: ws://localhost:51612/devtoo..., se:cdpVersion: 114.0.5735.199, setWindowRect: true, strictFileInteractability: false, timeouts: {implicit: 0, pageLoad: 300000, script: 30000}, unhandledPromptBehavior: dismiss and notify, webauthn:extension:credBlob: true, webauthn:extension:largeBlob: true, webauthn:extension:minPinLength: true, webauthn:extension:prf: true, webauthn:virtualAuthenticators: true}
Element: [[ChromeDriver: chrome on windows (340752f83e71c9c679339d5299250c76)] -&gt; xpath: //img[@alt=&apos;Close&apos;]]
Session ID: 340752f83e71c9c679339d5299250c76
	at org.openqa.selenium.remote.codec.w3c.W3CHttpResponseCodec.createException(W3CHttpResponseCodec.java:199)
	at org.openqa.selenium.remote.codec.w3c.W3CHttpResponseCodec.decode(W3CHttpResponseCodec.java:132)
	at org.openqa.selenium.remote.codec.w3c.W3CHttpResponseCodec.decode(W3CHttpResponseCodec.java:51)
	at org.openqa.selenium.remote.HttpCommandExecutor.execute(HttpCommandExecutor.java:191)
	at org.openqa.selenium.remote.service.DriverCommandExecutor.invokeExecute(DriverCommandExecutor.java:196)
	at org.openqa.selenium.remote.service.DriverCommandExecutor.execute(DriverCommandExecutor.java:171)
	at org.openqa.selenium.remote.RemoteWebDriver.execute(RemoteWebDriver.java:531)
	at org.openqa.selenium.remote.RemoteWebElement.execute(RemoteWebElement.java:242)
	at org.openqa.selenium.remote.RemoteWebElement.click(RemoteWebElement.java:77)
	at Browser.browser.getUrl(browser.java:61)
	at Test3.open(Test3.java:14)
	at com.intellij.rt.testng.IDEARemoteTestNG.run(IDEARemoteTestNG.java:66)
	at com.intellij.rt.testng.RemoteTestNGStarter.main(RemoteTestNGStarter.java:105)
... Removed 22 stack frames</div></td></tr></table><p class="totop"><a href="#summary">back to summary</a></p>
<h3 id="m9">Test3#password</h3><table class="result"><tr><th>Exception</th></tr><tr><td><div class="stacktrace">org.openqa.selenium.ElementClickInterceptedException: element click intercepted: Element &lt;img class=&quot;sgpb-popup-close-button-2&quot; alt=&quot;Close&quot; src=&quot;https://www.smartbazaar.co.uk/wp-content/plugins/popup-builder/public/img/theme_2/close.png&quot; style=&quot;z-index: 999920; position: absolute; float: left; top: -20px; right: 0px; width: 20px; cursor: pointer; height: 20px; background-repeat: no-repeat; background-size: cover;&quot;&gt; is not clickable at point (1039, 10). Other element would receive the click: &lt;div id=&quot;af-preloader&quot; style=&quot;opacity: 0.996379;&quot;&gt;...&lt;/div&gt;
  (Session info: chrome=114.0.5735.199)
Build info: version: &apos;4.10.0&apos;, revision: &apos;c14d967899&apos;
System info: os.name: &apos;Windows 10&apos;, os.arch: &apos;amd64&apos;, os.version: &apos;10.0&apos;, java.version: &apos;20.0.1&apos;
Driver info: org.openqa.selenium.chrome.ChromeDriver
Command: [340752f83e71c9c679339d5299250c76, clickElement {id=8687268B3DCD2BF3CB5D937B5BF5CDA5_element_115}]
Capabilities {acceptInsecureCerts: false, browserName: chrome, browserVersion: 114.0.5735.199, chrome: {chromedriverVersion: 114.0.5735.90 (386bc09e8f4f..., userDataDir: C:\Users\Srujani\AppData\Lo...}, goog:chromeOptions: {debuggerAddress: localhost:51612}, networkConnectionEnabled: false, pageLoadStrategy: normal, platformName: windows, proxy: Proxy(), se:cdp: ws://localhost:51612/devtoo..., se:cdpVersion: 114.0.5735.199, setWindowRect: true, strictFileInteractability: false, timeouts: {implicit: 0, pageLoad: 300000, script: 30000}, unhandledPromptBehavior: dismiss and notify, webauthn:extension:credBlob: true, webauthn:extension:largeBlob: true, webauthn:extension:minPinLength: true, webauthn:extension:prf: true, webauthn:virtualAuthenticators: true}
Element: [[ChromeDriver: chrome on windows (340752f83e71c9c679339d5299250c76)] -&gt; xpath: //img[@alt=&apos;Close&apos;]]
Session ID: 340752f83e71c9c679339d5299250c76
	at org.openqa.selenium.remote.codec.w3c.W3CHttpResponseCodec.createException(W3CHttpResponseCodec.java:199)
	at org.openqa.selenium.remote.codec.w3c.W3CHttpResponseCodec.decode(W3CHttpResponseCodec.java:132)
	at org.openqa.selenium.remote.codec.w3c.W3CHttpResponseCodec.decode(W3CHttpResponseCodec.java:51)
	at org.openqa.selenium.remote.HttpCommandExecutor.execute(HttpCommandExecutor.java:191)
	at org.openqa.selenium.remote.service.DriverCommandExecutor.invokeExecute(DriverCommandExecutor.java:196)
	at org.openqa.selenium.remote.service.DriverCommandExecutor.execute(DriverCommandExecutor.java:171)
	at org.openqa.selenium.remote.RemoteWebDriver.execute(RemoteWebDriver.java:531)
	at org.openqa.selenium.remote.RemoteWebElement.execute(RemoteWebElement.java:242)
	at org.openqa.selenium.remote.RemoteWebElement.click(RemoteWebElement.java:77)
	at Browser.browser.getUrl(browser.java:61)
	at Test3.open(Test3.java:14)
	at com.intellij.rt.testng.IDEARemoteTestNG.run(IDEARemoteTestNG.java:66)
	at com.intellij.rt.testng.RemoteTestNGStarter.main(RemoteTestNGStarter.java:105)
... Removed 22 stack frames</div></td></tr></table><p class="totop"><a href="#summary">back to summary</a></p>
</body>
</html>
